<?xml version="1.0" encoding="utf-8"?><testsuites name="pytest tests"><testsuite name="pytest" errors="0" failures="0" skipped="0" tests="11" time="1.170" timestamp="2026-05-12T09:13:55.234893+00:00" hostname="agent-env-d498acdd-4d5f-41d1-82c7-e25cd8679514"><testcase classname="test_api" name="test_market_rates" time="0.203" /><testcase classname="test_api" name="test_loan_refinance_home" time="0.153" /><testcase classname="test_api" name="test_loan_refinance_with_prepay" time="0.088" /><testcase classname="test_api" name="test_loan_refinance_invalid_type" time="0.056" /><testcase classname="test_api" name="test_cards_rank_grocery" time="0.061" /><testcase classname="test_api" name="test_cards_rank_invalid_category" time="0.055" /><testcase classname="test_api" name="test_cards_list" time="0.056" /><testcase classname="test_api" name="test_tax_calculate_15L" time="0.058" /><testcase classname="test_api" name="test_tax_below_rebate" time="0.057" /><testcase classname="test_api" name="test_leakage" time="0.064" /><testcase classname="test_api" name="test_profile_create_and_get" time="0.145" /></testsuite></testsuites>