<?xml version="1.0" encoding="utf-8"?><testsuites name="pytest tests"><testsuite name="pytest" errors="0" failures="0" skipped="0" tests="28" time="21.236" timestamp="2026-05-12T09:58:00.442868+00:00" hostname="agent-env-d498acdd-4d5f-41d1-82c7-e25cd8679514"><testcase classname="backend.tests.test_auth_payments_advisor.TestAuth" name="test_register_duplicate_returns_409" time="0.587" /><testcase classname="backend.tests.test_auth_payments_advisor.TestAuth" name="test_login_success" time="0.272" /><testcase classname="backend.tests.test_auth_payments_advisor.TestAuth" name="test_login_invalid_password" time="0.271" /><testcase classname="backend.tests.test_auth_payments_advisor.TestAuth" name="test_login_unknown_email" time="0.080" /><testcase classname="backend.tests.test_auth_payments_advisor.TestAuth" name="test_me_without_auth_returns_401" time="0.048" /><testcase classname="backend.tests.test_auth_payments_advisor.TestAuth" name="test_me_with_jwt_returns_user" time="0.048" /><testcase classname="backend.tests.test_auth_payments_advisor.TestAuth" name="test_demo_user_seed_login" time="0.274" /><testcase classname="backend.tests.test_auth_payments_advisor.TestProfile" name="test_save_then_get_profile" time="0.125" /><testcase classname="backend.tests.test_auth_payments_advisor.TestProfile" name="test_profile_requires_auth" time="0.086" /><testcase classname="backend.tests.test_auth_payments_advisor.TestPayments" name="test_order_yearly_success" time="0.839" /><testcase classname="backend.tests.test_auth_payments_advisor.TestPayments" name="test_order_monthly_success" time="0.316" /><testcase classname="backend.tests.test_auth_payments_advisor.TestPayments" name="test_order_invalid_plan_400" time="0.048" /><testcase classname="backend.tests.test_auth_payments_advisor.TestPayments" name="test_order_requires_auth" time="0.049" /><testcase classname="backend.tests.test_auth_payments_advisor.TestPayments" name="test_verify_bad_signature_400" time="0.048" /><testcase classname="backend.tests.test_auth_payments_advisor.TestPayments" name="test_verify_requires_auth" time="0.046" /><testcase classname="backend.tests.test_auth_payments_advisor.TestAdvisor" name="test_advisor_claude_hindi" time="15.991" /><testcase classname="backend.tests.test_auth_payments_advisor.TestAdvisor" name="test_advisor_gemini_english" time="1.254" /><testcase classname="backend.tests.test_api" name="test_market_rates" time="0.154" /><testcase classname="backend.tests.test_api" name="test_loan_refinance_home" time="0.045" /><testcase classname="backend.tests.test_api" name="test_loan_refinance_with_prepay" time="0.043" /><testcase classname="backend.tests.test_api" name="test_loan_refinance_invalid_type" time="0.053" /><testcase classname="backend.tests.test_api" name="test_cards_rank_grocery" time="0.047" /><testcase classname="backend.tests.test_api" name="test_cards_rank_invalid_category" time="0.050" /><testcase classname="backend.tests.test_api" name="test_cards_list" time="0.046" /><testcase classname="backend.tests.test_api" name="test_tax_calculate_15L" time="0.048" /><testcase classname="backend.tests.test_api" name="test_tax_below_rebate" time="0.072" /><testcase classname="backend.tests.test_api" name="test_leakage" time="0.096" /><testcase classname="backend.tests.test_api" name="test_profile_create_and_get" time="0.093" /></testsuite></testsuites>